<?xml version="1.0" encoding="UTF-8" ?>
<testsuite failures="0" time="0.648" errors="1" skipped="0" tests="1" name="com.bsc.test.TestMyBatis">
  <properties>
[...]
</properties>
  <testcase time="0.648" classname="com.bsc.test.TestMyBatis" name="com.bsc.test.TestMyBatis">
    <error message="org/junit/runners/model/MultipleFailureException" type="java.lang.NoClassDefFoundError">java.lang.NoClassDefFoundError: org/junit/runners/model/MultipleFailureException
	at org.springframework.test.context.junit4.SpringJUnit4ClassRunner.withAfterClasses(SpringJUnit4ClassRunner.java:187)
	at org.junit.runners.ParentRunner.classBlock(ParentRunner.java:145)
	at org.junit.runners.ParentRunner.run(ParentRunner.java:235)
	at org.springframework.test.context.junit4.SpringJUnit4ClassRunner.run(SpringJUnit4ClassRunner.java:162)
	at org.apache.maven.surefire.junit4.JUnit4Provider.execute(JUnit4Provider.java:252)
	at org.apache.maven.surefire.junit4.JUnit4Provider.executeTestSet(JUnit4Provider.java:141)
	at org.apache.maven.surefire.junit4.JUnit4Provider.invoke(JUnit4Provider.java:112)
	at sun.reflect.NativeMethodAccessorImpl.invoke0(Native Method)
	at sun.reflect.NativeMethodAccessorImpl.invoke(NativeMethodAccessorImpl.java:57)
	at sun.reflect.DelegatingMethodAccessorImpl.invoke(DelegatingMethodAccessorImpl.java:43)
	at java.lang.reflect.Method.invoke(Method.java:606)
	at org.apache.maven.surefire.util.ReflectionUtils.invokeMethodWithArray(ReflectionUtils.java:189)
	at org.apache.maven.surefire.booter.ProviderFactory$ProviderProxy.invoke(ProviderFactory.java:165)
	at org.apache.maven.surefire.booter.ProviderFactory.invokeProvider(ProviderFactory.java:85)
	at org.apache.maven.surefire.booter.ForkedBooter.runSuitesInProcess(ForkedBooter.java:115)
	at org.apache.maven.surefire.booter.ForkedBooter.main(ForkedBooter.java:75)
Caused by: java.lang.ClassNotFoundException: org.junit.runners.model.MultipleFailureException
	at java.net.URLClassLoader$1.run(URLClassLoader.java:366)
	at java.net.URLClassLoader$1.run(URLClassLoader.java:355)
	at java.security.AccessController.doPrivileged(Native Method)
	at java.net.URLClassLoader.findClass(URLClassLoader.java:354)
	at java.lang.ClassLoader.loadClass(ClassLoader.java:425)
	at sun.misc.Launcher$AppClassLoader.loadClass(Launcher.java:308)
	at java.lang.ClassLoader.loadClass(ClassLoader.java:358)
	... 16 more
</error>
  </testcase>
</testsuite>